<?xml version="1.0" encoding="UTF-8"?>
<!-- Generated by org.testng.reporters.JUnitReportReporter -->
<testsuite hostname="LAPTOP-OC40VB3P" failures="0" tests="4" name="testCases.TestCase" time="89.561" errors="0" timestamp="2023-06-17T12:14:26 IST" skipped="0">
  <testcase classname="testCases.TestCase" name="testOne" time="3.762"/>
  <system-out/>
  <testcase classname="testCases.TestCase" name="testTwo" time="60.952"/>
  <system-out/>
  <testcase classname="testCases.TestCase" name="testThree" time="1.744"/>
  <system-out/>
  <testcase classname="testCases.TestCase" name="testFour" time="23.103"/>
  <system-out/>
</testsuite> <!-- testCases.TestCase -->
